{"3.44": "3srupAODFNn7Dx4ZUg4uqM", "0": "1iR65pQAV4ssTTf9JRNr9X", "6.82": "6nvlfxR3ZRCNzw39ZTcGSR", "8.100000000000001": "2mg9AmMi3b9jTbaOR5If4C", "4.666666666666666": "12CmFAwzxYnVtJgnzIysvm", "3.56": "4AQqBRDKp5y5D7XXMhyq4s", "6.88": "6hJkIUy4LmRN3l0Ld99M5x", "8.84": "2NmgIfLAFl1DD1FZOY4YqC", "4.186666666666666": "3k6iFShl4S3uheW88bErVw", "6.789999999999999": "6I9TgZbapKRXsunA05fiPl", "6.333333333333333": "4q5fHrf0Q0R6imQ3etjXEG", "7.335999999999999": "5Kpt1mryjiwHa9goYPQG1o", "5.82": "0zEbGW70TQHSOf4Ip1oeVn", "6.47": "7p2S6p9yYGhJTtbTQFnsYZ", "3.8": "3v0nHmnUcf9GAhjQOTctQu"}

access_token:
refresh_token:
[
  'Galileo Galilei',
  'Lenny code fiction',
  'Hello Sleepwalkers',
  'the HIATUS',
  'Yuu Miyashita',
  'Masayoshi Oishi'
]
[
  'https://i.scdn.co/image/ab67616d0000b27349878e5d827207b68f98a733',
  'https://i.scdn.co/image/ab6761610000e5eb8480dc8000e78c4582fe2430',
  'https://i.scdn.co/image/ab6761610000e5ebda2264168c4e9c32e6b538f4',
  'https://i.scdn.co/image/ab6761610000e5ebdec34b857d1cbe657140201b',
  'https://i.scdn.co/image/ab6761610000e5eb0724c4446605ca60719ed226',
  'https://i.scdn.co/image/ab6761610000e5eb7341fa23d5c7cbf5b2046885'
]
^^^^
{"3.44": "3srupAODFNn7Dx4ZUg4uqM", "6.333333333333333": "4q5fHrf0Q0R6imQ3etjXEG", "7.335999999999999": "5Kpt1mryjiwHa9goYPQG1o", "3.56": "5CVx8gIHxBaYMuQVXr8ogM", "5.82": "0zEbGW70TQHSOf4Ip1oeVn", "6.47": "7p2S6p9yYGhJTtbTQFnsYZ", "3.8": "3v0nHmnUcf9GAhjQOTctQu", "6.88": "44CA4qMx5IOMDQOTg7G6KN", "0": "1iR65pQAV4ssTTf9JRNr9X", "6.82": "6nvlfxR3ZRCNzw39ZTcGSR", "8.100000000000001": "2mg9AmMi3b9jTbaOR5If4C", "4.666666666666666": "12CmFAwzxYnVtJgnzIysvm", "8.84": "2NmgIfLAFl1DD1FZOY4YqC", "4.186666666666666": "3k6iFShl4S3uheW88bErVw", "6.789999999999999": "6I9TgZbapKRXsunA05fiPl"}

The access token has been refreshed!
access_token:
